<?xml version="1.0" encoding="UTF-8"?>
<!-- Generated by org.testng.reporters.JUnitReportReporter -->
<testsuite skipped="1" hostname="del1dma978smini" name="Ashish.TestProject.AppTest" tests="1" failures="0" timestamp="25 Aug 2017 10:24:42 GMT" time="0.000" errors="0">
  <testcase name="testApp" time="0.000" classname="Ashish.TestProject.AppTest">
    <skipped/>
  </testcase> <!-- testApp -->
</testsuite> <!-- Ashish.TestProject.AppTest -->
